Could not find a shared URI scheme for the dev client between the local /ios and /android directories. App launches (QR code, interstitial, terminal keys) may not work as expected. You can configure a custom scheme using the --scheme option, or by running npx expo prebuild to regenerate the native directories with URI schemes.
Starting project at /Users/sharmilakonapala/Desktop/out_projects/e3apk
Error: Cannot find module './toJS.js'
Require stack:
- /Users/sharmilakonapala/Desktop/out_projects/e3apk/node_modules/yaml/dist/nodes/Alias.js
- /Users/sharmilakonapala/Desktop/out_projects/e3apk/node_modules/yaml/dist/doc/Document.js
- /Users/sharmilakonapala/Desktop/out_projects/e3apk/node_modules/yaml/dist/compose/composer.js
- /Users/sharmilakonapala/Desktop/out_projects/e3apk/node_modules/yaml/dist/index.js
- /Users/sharmilakonapala/Desktop/out_projects/e3apk/node_modules/metro-config/src/loadConfig.js
- /Users/sharmilakonapala/Desktop/out_projects/e3apk/node_modules/metro-config/src/index.flow.js
- /Users/sharmilakonapala/Desktop/out_projects/e3apk/node_modules/metro-config/src/index.js
- /Users/sharmilakonapala/Desktop/out_projects/e3apk/node_modules/@expo/metro/metro-config/index.js
- /Users/sharmilakonapala/Desktop/out_projects/e3apk/node_modules/expo/node_modules/@expo/cli/build/src/start/server/metro/instantiateMetro.js
- /Users/sharmilakonapala/Desktop/out_projects/e3apk/node_modules/expo/node_modules/@expo/cli/build/src/start/server/metro/MetroBundlerDevServer.js
- /Users/sharmilakonapala/Desktop/out_projects/e3apk/node_modules/expo/node_modules/@expo/cli/build/src/start/server/DevServerManager.js
- /Users/sharmilakonapala/Desktop/out_projects/e3apk/node_modules/expo/node_modules/@expo/cli/build/src/start/startAsync.js
- /Users/sharmilakonapala/Desktop/out_projects/e3apk/node_modules/expo/node_modules/@expo/cli/build/src/start/index.js
- /Users/sharmilakonapala/Desktop/out_projects/e3apk/node_modules/expo/node_modules/@expo/cli/build/bin/cli
- /Users/sharmilakonapala/Desktop/out_projects/e3apk/node_modules/expo/bin/cli
Error: Cannot find module './toJS.js'
Require stack:
- /Users/sharmilakonapala/Desktop/out_projects/e3apk/node_modules/yaml/dist/nodes/Alias.js
- /Users/sharmilakonapala/Desktop/out_projects/e3apk/node_modules/yaml/dist/doc/Document.js
- /Users/sharmilakonapala/Desktop/out_projects/e3apk/node_modules/yaml/dist/compose/composer.js
- /Users/sharmilakonapala/Desktop/out_projects/e3apk/node_modules/yaml/dist/index.js
- /Users/sharmilakonapala/Desktop/out_projects/e3apk/node_modules/metro-config/src/loadConfig.js
- /Users/sharmilakonapala/Desktop/out_projects/e3apk/node_modules/metro-config/src/index.flow.js
- /Users/sharmilakonapala/Desktop/out_projects/e3apk/node_modules/metro-config/src/index.js
- /Users/sharmilakonapala/Desktop/out_projects/e3apk/node_modules/@expo/metro/metro-config/index.js
- /Users/sharmilakonapala/Desktop/out_projects/e3apk/node_modules/expo/node_modules/@expo/cli/build/src/start/server/metro/instantiateMetro.js
- /Users/sharmilakonapala/Desktop/out_projects/e3apk/node_modules/expo/node_modules/@expo/cli/build/src/start/server/metro/MetroBundlerDevServer.js
- /Users/sharmilakonapala/Desktop/out_projects/e3apk/node_modules/expo/node_modules/@expo/cli/build/src/start/server/DevServerManager.js
- /Users/sharmilakonapala/Desktop/out_projects/e3apk/node_modules/expo/node_modules/@expo/cli/build/src/start/startAsync.js
- /Users/sharmilakonapala/Desktop/out_projects/e3apk/node_modules/expo/node_modules/@expo/cli/build/src/start/index.js
- /Users/sharmilakonapala/Desktop/out_projects/e3apk/node_modules/expo/node_modules/@expo/cli/build/bin/cli
- /Users/sharmilakonapala/Desktop/out_projects/e3apk/node_modules/expo/bin/cli
    at Function._resolveFilename (node:internal/modules/cjs/loader:1383:15)
    at defaultResolveImpl (node:internal/modules/cjs/loader:1025:19)
    at resolveForCJSWithHooks (node:internal/modules/cjs/loader:1030:22)
    at Function._load (node:internal/modules/cjs/loader:1192:37)
    at TracingChannel.traceSync (node:diagnostics_channel:328:14)
    at wrapModuleLoad (node:internal/modules/cjs/loader:237:24)
    at Module.require (node:internal/modules/cjs/loader:1463:12)
    at require (node:internal/modules/helpers:147:16)
    at Object.<anonymous> (/Users/sharmilakonapala/Desktop/out_projects/e3apk/node_modules/yaml/dist/nodes/Alias.js:7:12)
    at Module._compile (node:internal/modules/cjs/loader:1705:14)
